c:\users\mibyb\documents\课程\大二下\图形学\cgteam_16337208_石邢越_project2\code\colorization2images\debug\colorization2images.pch
c:\users\mibyb\documents\课程\大二下\图形学\cgteam_16337208_石邢越_project2\code\colorization2images\debug\vc141.pdb
c:\users\mibyb\documents\课程\大二下\图形学\cgteam_16337208_石邢越_project2\code\colorization2images\debug\vc141.idb
c:\users\mibyb\documents\课程\大二下\图形学\cgteam_16337208_石邢越_project2\code\colorization2images\debug\stdafx.obj
c:\users\mibyb\documents\课程\大二下\图形学\cgteam_16337208_石邢越_project2\code\colorization2images\debug\bmp.obj
c:\users\mibyb\documents\课程\大二下\图形学\cgteam_16337208_石邢越_project2\code\colorization2images\debug\colorization2images.obj
c:\users\mibyb\documents\课程\大二下\图形学\cgteam_16337208_石邢越_project2\code\colorization2images\debug\colorization2imagesdoc.obj
c:\users\mibyb\documents\课程\大二下\图形学\cgteam_16337208_石邢越_project2\code\colorization2images\debug\colorization2imagesview.obj
c:\users\mibyb\documents\课程\大二下\图形学\cgteam_16337208_石邢越_project2\code\colorization2images\debug\img1_dlg.obj
c:\users\mibyb\documents\课程\大二下\图形学\cgteam_16337208_石邢越_project2\code\colorization2images\debug\img2_dlg.obj
c:\users\mibyb\documents\课程\大二下\图形学\cgteam_16337208_石邢越_project2\code\colorization2images\debug\mainfrm.obj
c:\users\mibyb\documents\课程\大二下\图形学\cgteam_16337208_石邢越_project2\code\colorization2images\debug\re_dlg.obj
c:\users\mibyb\documents\课程\大二下\图形学\cgteam_16337208_石邢越_project2\code\colorization2images\debug\colorization2images.res
c:\users\mibyb\documents\课程\大二下\图形学\cgteam_16337208_石邢越_project2\code\debug\colorization2images.exe
c:\users\mibyb\documents\课程\大二下\图形学\cgteam_16337208_石邢越_project2\code\colorization2images\debug\coloriza.02d0d966.tlog\cl.command.1.tlog
c:\users\mibyb\documents\课程\大二下\图形学\cgteam_16337208_石邢越_project2\code\colorization2images\debug\coloriza.02d0d966.tlog\cl.read.1.tlog
c:\users\mibyb\documents\课程\大二下\图形学\cgteam_16337208_石邢越_project2\code\colorization2images\debug\coloriza.02d0d966.tlog\cl.write.1.tlog
c:\users\mibyb\documents\课程\大二下\图形学\cgteam_16337208_石邢越_project2\code\colorization2images\debug\coloriza.02d0d966.tlog\link.command.1.tlog
c:\users\mibyb\documents\课程\大二下\图形学\cgteam_16337208_石邢越_project2\code\colorization2images\debug\coloriza.02d0d966.tlog\link.read.1.tlog
c:\users\mibyb\documents\课程\大二下\图形学\cgteam_16337208_石邢越_project2\code\colorization2images\debug\coloriza.02d0d966.tlog\link.write.1.tlog
c:\users\mibyb\documents\课程\大二下\图形学\cgteam_16337208_石邢越_project2\code\colorization2images\debug\coloriza.02d0d966.tlog\rc.command.1.tlog
c:\users\mibyb\documents\课程\大二下\图形学\cgteam_16337208_石邢越_project2\code\colorization2images\debug\coloriza.02d0d966.tlog\rc.read.1.tlog
c:\users\mibyb\documents\课程\大二下\图形学\cgteam_16337208_石邢越_project2\code\colorization2images\debug\coloriza.02d0d966.tlog\rc.write.1.tlog
